<?xml version="1.0" encoding="UTF-8"?>
<testsuite xmlns:xsi="http://www.w3.org/2001/XMLSchema-instance" xsi:noNamespaceSchemaLocation="https://maven.apache.org/surefire/maven-surefire-plugin/xsd/surefire-test-report.xsd" version="3.0.2" name="com.ssau.lab2.Lab2ApplicationTests" time="9.257" tests="1" errors="0" skipped="0" failures="0">
  <properties>
[...]
</properties>
  <testcase name="contextLoads" classname="com.ssau.lab2.Lab2ApplicationTests" time="0.658">
    <system-out><![CDATA[15:56:54.884 [main] INFO org.springframework.test.context.support.AnnotationConfigContextLoaderUtils -- Could not detect default configuration classes for test class [com.ssau.lab2.Lab2ApplicationTests]: Lab2ApplicationTests does not declare any static, non-private, non-final, nested classes annotated with @Configuration.
15:56:55.076 [main] INFO org.springframework.boot.test.context.SpringBootTestContextBootstrapper -- Found @SpringBootConfiguration com.ssau.lab2.Lab2Application for test class com.ssau.lab2.Lab2ApplicationTests

  .   ____          _            __ _ _
 /\\ / ___'_ __ _ _(_)_ __  __ _ \ \ \ \
( ( )\___ | '_ | '_| | '_ \/ _` | \ \ \ \
 \\/  ___)| |_)| | | | | || (_| |  ) ) ) )
  '  |____| .__|_| |_|_| |_\__, | / / / /
 =========|_|==============|___/=/_/_/_/

 :: Spring Boot ::                (v3.4.3)

2025-04-17T15:56:55.760+04:00  INFO 4920 --- [lab2] [           main] com.ssau.lab2.Lab2ApplicationTests       : Starting Lab2ApplicationTests using Java 23.0.2 with PID 4920 (started by merku in C:\Users\merku\Desktop\Лекции и прочее\8 семестр\Разработка WEB-приложений\lab5\lab2)
2025-04-17T15:56:55.762+04:00  INFO 4920 --- [lab2] [           main] com.ssau.lab2.Lab2ApplicationTests       : No active profile set, falling back to 1 default profile: "default"
2025-04-17T15:56:56.749+04:00  INFO 4920 --- [lab2] [           main] .s.d.r.c.RepositoryConfigurationDelegate : Bootstrapping Spring Data JPA repositories in DEFAULT mode.
2025-04-17T15:56:56.844+04:00  INFO 4920 --- [lab2] [           main] .s.d.r.c.RepositoryConfigurationDelegate : Finished Spring Data repository scanning in 79 ms. Found 2 JPA repository interfaces.
2025-04-17T15:56:57.462+04:00  INFO 4920 --- [lab2] [           main] com.zaxxer.hikari.HikariDataSource       : HikariPool-1 - Starting...
2025-04-17T15:56:57.890+04:00  INFO 4920 --- [lab2] [           main] com.zaxxer.hikari.pool.HikariPool        : HikariPool-1 - Added connection org.postgresql.jdbc.PgConnection@50110971
2025-04-17T15:56:57.892+04:00  INFO 4920 --- [lab2] [           main] com.zaxxer.hikari.HikariDataSource       : HikariPool-1 - Start completed.
2025-04-17T15:56:58.029+04:00  INFO 4920 --- [lab2] [           main] o.hibernate.jpa.internal.util.LogHelper  : HHH000204: Processing PersistenceUnitInfo [name: default]
2025-04-17T15:56:58.126+04:00  INFO 4920 --- [lab2] [           main] org.hibernate.Version                    : HHH000412: Hibernate ORM core version 6.6.8.Final
2025-04-17T15:56:58.235+04:00  INFO 4920 --- [lab2] [           main] o.h.c.internal.RegionFactoryInitiator    : HHH000026: Second-level cache disabled
2025-04-17T15:56:58.421+04:00 DEBUG 4920 --- [lab2] [           main] org.hibernate.type.BasicTypeRegistry     : Adding type registration boolean -> org.hibernate.type.BasicTypeReference@53ea380b
2025-04-17T15:56:58.421+04:00 DEBUG 4920 --- [lab2] [           main] org.hibernate.type.BasicTypeRegistry     : Adding type registration boolean -> org.hibernate.type.BasicTypeReference@53ea380b
2025-04-17T15:56:58.421+04:00 DEBUG 4920 --- [lab2] [           main] org.hibernate.type.BasicTypeRegistry     : Adding type registration java.lang.Boolean -> org.hibernate.type.BasicTypeReference@53ea380b
2025-04-17T15:56:58.422+04:00 DEBUG 4920 --- [lab2] [           main] org.hibernate.type.BasicTypeRegistry     : Adding type registration numeric_boolean -> org.hibernate.type.BasicTypeReference@578c3fd9
2025-04-17T15:56:58.422+04:00 DEBUG 4920 --- [lab2] [           main] org.hibernate.type.BasicTypeRegistry     : Adding type registration org.hibernate.type.NumericBooleanConverter -> org.hibernate.type.BasicTypeReference@578c3fd9
2025-04-17T15:56:58.422+04:00 DEBUG 4920 --- [lab2] [           main] org.hibernate.type.BasicTypeRegistry     : Adding type registration true_false -> org.hibernate.type.BasicTypeReference@245cb8df
2025-04-17T15:56:58.422+04:00 DEBUG 4920 --- [lab2] [           main] org.hibernate.type.BasicTypeRegistry     : Adding type registration org.hibernate.type.TrueFalseConverter -> org.hibernate.type.BasicTypeReference@245cb8df
2025-04-17T15:56:58.423+04:00 DEBUG 4920 --- [lab2] [           main] org.hibernate.type.BasicTypeRegistry     : Adding type registration yes_no -> org.hibernate.type.BasicTypeReference@26b3c9a2
2025-04-17T15:56:58.423+04:00 DEBUG 4920 --- [lab2] [           main] org.hibernate.type.BasicTypeRegistry     : Adding type registration org.hibernate.type.YesNoConverter -> org.hibernate.type.BasicTypeReference@26b3c9a2
2025-04-17T15:56:58.423+04:00 DEBUG 4920 --- [lab2] [           main] org.hibernate.type.BasicTypeRegistry     : Adding type registration byte -> org.hibernate.type.BasicTypeReference@241b971f
2025-04-17T15:56:58.423+04:00 DEBUG 4920 --- [lab2] [           main] org.hibernate.type.BasicTypeRegistry     : Adding type registration byte -> org.hibernate.type.BasicTypeReference@241b971f
2025-04-17T15:56:58.424+04:00 DEBUG 4920 --- [lab2] [           main] org.hibernate.type.BasicTypeRegistry     : Adding type registration java.lang.Byte -> org.hibernate.type.BasicTypeReference@241b971f
2025-04-17T15:56:58.424+04:00 DEBUG 4920 --- [lab2] [           main] org.hibernate.type.BasicTypeRegistry     : Adding type registration binary -> org.hibernate.type.BasicTypeReference@125f16b2
2025-04-17T15:56:58.424+04:00 DEBUG 4920 --- [lab2] [           main] org.hibernate.type.BasicTypeRegistry     : Adding type registration byte[] -> org.hibernate.type.BasicTypeReference@125f16b2
2025-04-17T15:56:58.424+04:00 DEBUG 4920 --- [lab2] [           main] org.hibernate.type.BasicTypeRegistry     : Adding type registration [B -> org.hibernate.type.BasicTypeReference@125f16b2
2025-04-17T15:56:58.424+04:00 DEBUG 4920 --- [lab2] [           main] org.hibernate.type.BasicTypeRegistry     : Adding type registration binary_wrapper -> org.hibernate.type.BasicTypeReference@5384ce66
2025-04-17T15:56:58.425+04:00 DEBUG 4920 --- [lab2] [           main] org.hibernate.type.BasicTypeRegistry     : Adding type registration wrapper-binary -> org.hibernate.type.BasicTypeReference@5384ce66
2025-04-17T15:56:58.425+04:00 DEBUG 4920 --- [lab2] [           main] org.hibernate.type.BasicTypeRegistry     : Adding type registration image -> org.hibernate.type.BasicTypeReference@6b42e36d
2025-04-17T15:56:58.425+04:00 DEBUG 4920 --- [lab2] [           main] org.hibernate.type.BasicTypeRegistry     : Adding type registration blob -> org.hibernate.type.BasicTypeReference@13192275
2025-04-17T15:56:58.425+04:00 DEBUG 4920 --- [lab2] [           main] org.hibernate.type.BasicTypeRegistry     : Adding type registration java.sql.Blob -> org.hibernate.type.BasicTypeReference@13192275
2025-04-17T15:56:58.425+04:00 DEBUG 4920 --- [lab2] [           main] org.hibernate.type.BasicTypeRegistry     : Adding type registration materialized_blob -> org.hibernate.type.BasicTypeReference@79195c22
2025-04-17T15:56:58.425+04:00 DEBUG 4920 --- [lab2] [           main] org.hibernate.type.BasicTypeRegistry     : Adding type registration materialized_blob_wrapper -> org.hibernate.type.BasicTypeReference@c9b5a99
2025-04-17T15:56:58.426+04:00 DEBUG 4920 --- [lab2] [           main] org.hibernate.type.BasicTypeRegistry     : Adding type registration short -> org.hibernate.type.BasicTypeReference@70be89ec
2025-04-17T15:56:58.426+04:00 DEBUG 4920 --- [lab2] [           main] org.hibernate.type.BasicTypeRegistry     : Adding type registration short -> org.hibernate.type.BasicTypeReference@70be89ec
2025-04-17T15:56:58.426+04:00 DEBUG 4920 --- [lab2] [           main] org.hibernate.type.BasicTypeRegistry     : Adding type registration java.lang.Short -> org.hibernate.type.BasicTypeReference@70be89ec
2025-04-17T15:56:58.427+04:00 DEBUG 4920 --- [lab2] [           main] org.hibernate.type.BasicTypeRegistry     : Adding type registration integer -> org.hibernate.type.BasicTypeReference@2aee0704
2025-04-17T15:56:58.427+04:00 DEBUG 4920 --- [lab2] [           main] org.hibernate.type.BasicTypeRegistry     : Adding type registration int -> org.hibernate.type.BasicTypeReference@2aee0704
2025-04-17T15:56:58.427+04:00 DEBUG 4920 --- [lab2] [           main] org.hibernate.type.BasicTypeRegistry     : Adding type registration java.lang.Integer -> org.hibernate.type.BasicTypeReference@2aee0704
2025-04-17T15:56:58.427+04:00 DEBUG 4920 --- [lab2] [           main] org.hibernate.type.BasicTypeRegistry     : Adding type registration long -> org.hibernate.type.BasicTypeReference@19a5b637
2025-04-17T15:56:58.428+04:00 DEBUG 4920 --- [lab2] [           main] org.hibernate.type.BasicTypeRegistry     : Adding type registration long -> org.hibernate.type.BasicTypeReference@19a5b637
2025-04-17T15:56:58.428+04:00 DEBUG 4920 --- [lab2] [           main] org.hibernate.type.BasicTypeRegistry     : Adding type registration java.lang.Long -> org.hibernate.type.BasicTypeReference@19a5b637
2025-04-17T15:56:58.428+04:00 DEBUG 4920 --- [lab2] [           main] org.hibernate.type.BasicTypeRegistry     : Adding type registration float -> org.hibernate.type.BasicTypeReference@4f3c7808
2025-04-17T15:56:58.428+04:00 DEBUG 4920 --- [lab2] [           main] org.hibernate.type.BasicTypeRegistry     : Adding type registration float -> org.hibernate.type.BasicTypeReference@4f3c7808
2025-04-17T15:56:58.429+04:00 DEBUG 4920 --- [lab2] [           main] org.hibernate.type.BasicTypeRegistry     : Adding type registration java.lang.Float -> org.hibernate.type.BasicTypeReference@4f3c7808
2025-04-17T15:56:58.429+04:00 DEBUG 4920 --- [lab2] [           main] org.hibernate.type.BasicTypeRegistry     : Adding type registration double -> org.hibernate.type.BasicTypeReference@4b4969ea
2025-04-17T15:56:58.429+04:00 DEBUG 4920 --- [lab2] [           main] org.hibernate.type.BasicTypeRegistry     : Adding type registration double -> org.hibernate.type.BasicTypeReference@4b4969ea
2025-04-17T15:56:58.430+04:00 DEBUG 4920 --- [lab2] [           main] org.hibernate.type.BasicTypeRegistry     : Adding type registration java.lang.Double -> org.hibernate.type.BasicTypeReference@4b4969ea
2025-04-17T15:56:58.430+04:00 DEBUG 4920 --- [lab2] [           main] org.hibernate.type.BasicTypeRegistry     : Adding type registration big_integer -> org.hibernate.type.BasicTypeReference@11c581a0
2025-04-17T15:56:58.430+04:00 DEBUG 4920 --- [lab2] [           main] org.hibernate.type.BasicTypeRegistry     : Adding type registration java.math.BigInteger -> org.hibernate.type.BasicTypeReference@11c581a0
2025-04-17T15:56:58.430+04:00 DEBUG 4920 --- [lab2] [           main] org.hibernate.type.BasicTypeRegistry     : Adding type registration big_decimal -> org.hibernate.type.BasicTypeReference@256589a1
2025-04-17T15:56:58.431+04:00 DEBUG 4920 --- [lab2] [           main] org.hibernate.type.BasicTypeRegistry     : Adding type registration java.math.BigDecimal -> org.hibernate.type.BasicTypeReference@256589a1
2025-04-17T15:56:58.431+04:00 DEBUG 4920 --- [lab2] [           main] org.hibernate.type.BasicTypeRegistry     : Adding type registration character -> org.hibernate.type.BasicTypeReference@935493d
2025-04-17T15:56:58.431+04:00 DEBUG 4920 --- [lab2] [           main] org.hibernate.type.BasicTypeRegistry     : Adding type registration char -> org.hibernate.type.BasicTypeReference@935493d
2025-04-17T15:56:58.431+04:00 DEBUG 4920 --- [lab2] [           main] org.hibernate.type.BasicTypeRegistry     : Adding type registration java.lang.Character -> org.hibernate.type.BasicTypeReference@935493d
2025-04-17T15:56:58.432+04:00 DEBUG 4920 --- [lab2] [           main] org.hibernate.type.BasicTypeRegistry     : Adding type registration character_nchar -> org.hibernate.type.BasicTypeReference@9b367c8
2025-04-17T15:56:58.432+04:00 DEBUG 4920 --- [lab2] [           main] org.hibernate.type.BasicTypeRegistry     : Adding type registration string -> org.hibernate.type.BasicTypeReference@34c62fdf
2025-04-17T15:56:58.432+04:00 DEBUG 4920 --- [lab2] [           main] org.hibernate.type.BasicTypeRegistry     : Adding type registration java.lang.String -> org.hibernate.type.BasicTypeReference@34c62fdf
2025-04-17T15:56:58.433+04:00 DEBUG 4920 --- [lab2] [           main] org.hibernate.type.BasicTypeRegistry     : Adding type registration nstring -> org.hibernate.type.BasicTypeReference@3de79067
2025-04-17T15:56:58.433+04:00 DEBUG 4920 --- [lab2] [           main] org.hibernate.type.BasicTypeRegistry     : Adding type registration characters -> org.hibernate.type.BasicTypeReference@1eb85a47
2025-04-17T15:56:58.433+04:00 DEBUG 4920 --- [lab2] [           main] org.hibernate.type.BasicTypeRegistry     : Adding type registration char[] -> org.hibernate.type.BasicTypeReference@1eb85a47
2025-04-17T15:56:58.433+04:00 DEBUG 4920 --- [lab2] [           main] org.hibernate.type.BasicTypeRegistry     : Adding type registration [C -> org.hibernate.type.BasicTypeReference@1eb85a47
2025-04-17T15:56:58.434+04:00 DEBUG 4920 --- [lab2] [           main] org.hibernate.type.BasicTypeRegistry     : Adding type registration wrapper-characters -> org.hibernate.type.BasicTypeReference@ca7e37f
2025-04-17T15:56:58.434+04:00 DEBUG 4920 --- [lab2] [           main] org.hibernate.type.BasicTypeRegistry     : Adding type registration text -> org.hibernate.type.BasicTypeReference@99a8de3
2025-04-17T15:56:58.434+04:00 DEBUG 4920 --- [lab2] [           main] org.hibernate.type.BasicTypeRegistry     : Adding type registration ntext -> org.hibernate.type.BasicTypeReference@87f501f
2025-04-17T15:56:58.434+04:00 DEBUG 4920 --- [lab2] [           main] org.hibernate.type.BasicTypeRegistry     : Adding type registration clob -> org.hibernate.type.BasicTypeReference@54495935
2025-04-17T15:56:58.435+04:00 DEBUG 4920 --- [lab2] [           main] org.hibernate.type.BasicTypeRegistry     : Adding type registration java.sql.Clob -> org.hibernate.type.BasicTypeReference@54495935
2025-04-17T15:56:58.435+04:00 DEBUG 4920 --- [lab2] [           main] org.hibernate.type.BasicTypeRegistry     : Adding type registration nclob -> org.hibernate.type.BasicTypeReference@67c6f4d8
2025-04-17T15:56:58.435+04:00 DEBUG 4920 --- [lab2] [           main] org.hibernate.type.BasicTypeRegistry     : Adding type registration java.sql.NClob -> org.hibernate.type.BasicTypeReference@67c6f4d8
2025-04-17T15:56:58.435+04:00 DEBUG 4920 --- [lab2] [           main] org.hibernate.type.BasicTypeRegistry     : Adding type registration materialized_clob -> org.hibernate.type.BasicTypeReference@3a6e9856
2025-04-17T15:56:58.436+04:00 DEBUG 4920 --- [lab2] [           main] org.hibernate.type.BasicTypeRegistry     : Adding type registration materialized_clob_char_array -> org.hibernate.type.BasicTypeReference@4863c8ac
2025-04-17T15:56:58.436+04:00 DEBUG 4920 --- [lab2] [           main] org.hibernate.type.BasicTypeRegistry     : Adding type registration materialized_clob_character_array -> org.hibernate.type.BasicTypeReference@56fda064
2025-04-17T15:56:58.436+04:00 DEBUG 4920 --- [lab2] [           main] org.hibernate.type.BasicTypeRegistry     : Adding type registration materialized_nclob -> org.hibernate.type.BasicTypeReference@6cdee57
2025-04-17T15:56:58.437+04:00 DEBUG 4920 --- [lab2] [           main] org.hibernate.type.BasicTypeRegistry     : Adding type registration materialized_nclob_character_array -> org.hibernate.type.BasicTypeReference@482f7af0
2025-04-17T15:56:58.437+04:00 DEBUG 4920 --- [lab2] [           main] org.hibernate.type.BasicTypeRegistry     : Adding type registration materialized_nclob_char_array -> org.hibernate.type.BasicTypeReference@1edfedf1
2025-04-17T15:56:58.437+04:00 DEBUG 4920 --- [lab2] [           main] org.hibernate.type.BasicTypeRegistry     : Adding type registration Duration -> org.hibernate.type.BasicTypeReference@251a90ce
2025-04-17T15:56:58.437+04:00 DEBUG 4920 --- [lab2] [           main] org.hibernate.type.BasicTypeRegistry     : Adding type registration java.time.Duration -> org.hibernate.type.BasicTypeReference@251a90ce
2025-04-17T15:56:58.438+04:00 DEBUG 4920 --- [lab2] [           main] org.hibernate.type.BasicTypeRegistry     : Adding type registration LocalDateTime -> org.hibernate.type.BasicTypeReference@4c4c7d6c
2025-04-17T15:56:58.438+04:00 DEBUG 4920 --- [lab2] [           main] org.hibernate.type.BasicTypeRegistry     : Adding type registration java.time.LocalDateTime -> org.hibernate.type.BasicTypeReference@4c4c7d6c
2025-04-17T15:56:58.438+04:00 DEBUG 4920 --- [lab2] [           main] org.hibernate.type.BasicTypeRegistry     : Adding type registration LocalDate -> org.hibernate.type.BasicTypeReference@7f0766ef
2025-04-17T15:56:58.439+04:00 DEBUG 4920 --- [lab2] [           main] org.hibernate.type.BasicTypeRegistry     : Adding type registration java.time.LocalDate -> org.hibernate.type.BasicTypeReference@7f0766ef
2025-04-17T15:56:58.439+04:00 DEBUG 4920 --- [lab2] [           main] org.hibernate.type.BasicTypeRegistry     : Adding type registration LocalTime -> org.hibernate.type.BasicTypeReference@1e56bc9b
2025-04-17T15:56:58.440+04:00 DEBUG 4920 --- [lab2] [           main] org.hibernate.type.BasicTypeRegistry     : Adding type registration java.time.LocalTime -> org.hibernate.type.BasicTypeReference@1e56bc9b
2025-04-17T15:56:58.440+04:00 DEBUG 4920 --- [lab2] [           main] org.hibernate.type.BasicTypeRegistry     : Adding type registration OffsetDateTime -> org.hibernate.type.BasicTypeReference@6f3bd37f
2025-04-17T15:56:58.440+04:00 DEBUG 4920 --- [lab2] [           main] org.hibernate.type.BasicTypeRegistry     : Adding type registration java.time.OffsetDateTime -> org.hibernate.type.BasicTypeReference@6f3bd37f
2025-04-17T15:56:58.441+04:00 DEBUG 4920 --- [lab2] [           main] org.hibernate.type.BasicTypeRegistry     : Adding type registration OffsetDateTimeWithTimezone -> org.hibernate.type.BasicTypeReference@403364e9
2025-04-17T15:56:58.441+04:00 DEBUG 4920 --- [lab2] [           main] org.hibernate.type.BasicTypeRegistry     : Adding type registration OffsetDateTimeWithoutTimezone -> org.hibernate.type.BasicTypeReference@447521e
2025-04-17T15:56:58.441+04:00 DEBUG 4920 --- [lab2] [           main] org.hibernate.type.BasicTypeRegistry     : Adding type registration OffsetTime -> org.hibernate.type.BasicTypeReference@2fde9469
2025-04-17T15:56:58.441+04:00 DEBUG 4920 --- [lab2] [           main] org.hibernate.type.BasicTypeRegistry     : Adding type registration java.time.OffsetTime -> org.hibernate.type.BasicTypeReference@2fde9469
2025-04-17T15:56:58.442+04:00 DEBUG 4920 --- [lab2] [           main] org.hibernate.type.BasicTypeRegistry     : Adding type registration OffsetTimeUtc -> org.hibernate.type.BasicTypeReference@1ecf0ac6
2025-04-17T15:56:58.442+04:00 DEBUG 4920 --- [lab2] [           main] org.hibernate.type.BasicTypeRegistry     : Adding type registration OffsetTimeWithTimezone -> org.hibernate.type.BasicTypeReference@458031da
2025-04-17T15:56:58.442+04:00 DEBUG 4920 --- [lab2] [           main] org.hibernate.type.BasicTypeRegistry     : Adding type registration OffsetTimeWithoutTimezone -> org.hibernate.type.BasicTypeReference@7be94cd6
2025-04-17T15:56:58.442+04:00 DEBUG 4920 --- [lab2] [           main] org.hibernate.type.BasicTypeRegistry     : Adding type registration ZonedDateTime -> org.hibernate.type.BasicTypeReference@20cff21e
2025-04-17T15:56:58.443+04:00 DEBUG 4920 --- [lab2] [           main] org.hibernate.type.BasicTypeRegistry     : Adding type registration java.time.ZonedDateTime -> org.hibernate.type.BasicTypeReference@20cff21e
2025-04-17T15:56:58.443+04:00 DEBUG 4920 --- [lab2] [           main] org.hibernate.type.BasicTypeRegistry     : Adding type registration ZonedDateTimeWithTimezone -> org.hibernate.type.BasicTypeReference@463045fb
2025-04-17T15:56:58.443+04:00 DEBUG 4920 --- [lab2] [           main] org.hibernate.type.BasicTypeRegistry     : Adding type registration ZonedDateTimeWithoutTimezone -> org.hibernate.type.BasicTypeReference@27ab206
2025-04-17T15:56:58.444+04:00 DEBUG 4920 --- [lab2] [           main] org.hibernate.type.BasicTypeRegistry     : Adding type registration date -> org.hibernate.type.BasicTypeReference@3344d163
2025-04-17T15:56:58.445+04:00 DEBUG 4920 --- [lab2] [           main] org.hibernate.type.BasicTypeRegistry     : Adding type registration java.sql.Date -> org.hibernate.type.BasicTypeReference@3344d163
2025-04-17T15:56:58.446+04:00 DEBUG 4920 --- [lab2] [           main] org.hibernate.type.BasicTypeRegistry     : Adding type registration time -> org.hibernate.type.BasicTypeReference@6cc48a17
2025-04-17T15:56:58.447+04:00 DEBUG 4920 --- [lab2] [           main] org.hibernate.type.BasicTypeRegistry     : Adding type registration java.sql.Time -> org.hibernate.type.BasicTypeReference@6cc48a17
2025-04-17T15:56:58.447+04:00 DEBUG 4920 --- [lab2] [           main] org.hibernate.type.BasicTypeRegistry     : Adding type registration timestamp -> org.hibernate.type.BasicTypeReference@289f15e9
2025-04-17T15:56:58.447+04:00 DEBUG 4920 --- [lab2] [           main] org.hibernate.type.BasicTypeRegistry     : Adding type registration java.sql.Timestamp -> org.hibernate.type.BasicTypeReference@289f15e9
2025-04-17T15:56:58.448+04:00 DEBUG 4920 --- [lab2] [           main] org.hibernate.type.BasicTypeRegistry     : Adding type registration java.util.Date -> org.hibernate.type.BasicTypeReference@289f15e9
2025-04-17T15:56:58.448+04:00 DEBUG 4920 --- [lab2] [           main] org.hibernate.type.BasicTypeRegistry     : Adding type registration calendar -> org.hibernate.type.BasicTypeReference@7f22687e
2025-04-17T15:56:58.448+04:00 DEBUG 4920 --- [lab2] [           main] org.hibernate.type.BasicTypeRegistry     : Adding type registration java.util.Calendar -> org.hibernate.type.BasicTypeReference@7f22687e
2025-04-17T15:56:58.451+04:00 DEBUG 4920 --- [lab2] [           main] org.hibernate.type.BasicTypeRegistry     : Adding type registration java.util.GregorianCalendar -> org.hibernate.type.BasicTypeReference@7f22687e
2025-04-17T15:56:58.451+04:00 DEBUG 4920 --- [lab2] [           main] org.hibernate.type.BasicTypeRegistry     : Adding type registration calendar_date -> org.hibernate.type.BasicTypeReference@6af87130
2025-04-17T15:56:58.451+04:00 DEBUG 4920 --- [lab2] [           main] org.hibernate.type.BasicTypeRegistry     : Adding type registration calendar_time -> org.hibernate.type.BasicTypeReference@22a4ca4a
2025-04-17T15:56:58.451+04:00 DEBUG 4920 --- [lab2] [           main] org.hibernate.type.BasicTypeRegistry     : Adding type registration instant -> org.hibernate.type.BasicTypeReference@72c4a3aa
2025-04-17T15:56:58.452+04:00 DEBUG 4920 --- [lab2] [           main] org.hibernate.type.BasicTypeRegistry     : Adding type registration java.time.Instant -> org.hibernate.type.BasicTypeReference@72c4a3aa
2025-04-17T15:56:58.452+04:00 DEBUG 4920 --- [lab2] [           main] org.hibernate.type.BasicTypeRegistry     : Adding type registration uuid -> org.hibernate.type.BasicTypeReference@1e495414
2025-04-17T15:56:58.452+04:00 DEBUG 4920 --- [lab2] [           main] org.hibernate.type.BasicTypeRegistry     : Adding type registration java.util.UUID -> org.hibernate.type.BasicTypeReference@1e495414
2025-04-17T15:56:58.452+04:00 DEBUG 4920 --- [lab2] [           main] org.hibernate.type.BasicTypeRegistry     : Adding type registration pg-uuid -> org.hibernate.type.BasicTypeReference@1e495414
2025-04-17T15:56:58.452+04:00 DEBUG 4920 --- [lab2] [           main] org.hibernate.type.BasicTypeRegistry     : Adding type registration uuid-binary -> org.hibernate.type.BasicTypeReference@3711c71c
2025-04-17T15:56:58.453+04:00 DEBUG 4920 --- [lab2] [           main] org.hibernate.type.BasicTypeRegistry     : Adding type registration uuid-char -> org.hibernate.type.BasicTypeReference@33e3bd2e
2025-04-17T15:56:58.453+04:00 DEBUG 4920 --- [lab2] [           main] org.hibernate.type.BasicTypeRegistry     : Adding type registration class -> org.hibernate.type.BasicTypeReference@646d810b
2025-04-17T15:56:58.453+04:00 DEBUG 4920 --- [lab2] [           main] org.hibernate.type.BasicTypeRegistry     : Adding type registration java.lang.Class -> org.hibernate.type.BasicTypeReference@646d810b
2025-04-17T15:56:58.453+04:00 DEBUG 4920 --- [lab2] [           main] org.hibernate.type.BasicTypeRegistry     : Adding type registration currency -> org.hibernate.type.BasicTypeReference@30508066
2025-04-17T15:56:58.454+04:00 DEBUG 4920 --- [lab2] [           main] org.hibernate.type.BasicTypeRegistry     : Adding type registration Currency -> org.hibernate.type.BasicTypeReference@30508066
2025-04-17T15:56:58.454+04:00 DEBUG 4920 --- [lab2] [           main] org.hibernate.type.BasicTypeRegistry     : Adding type registration java.util.Currency -> org.hibernate.type.BasicTypeReference@30508066
2025-04-17T15:56:58.454+04:00 DEBUG 4920 --- [lab2] [           main] org.hibernate.type.BasicTypeRegistry     : Adding type registration locale -> org.hibernate.type.BasicTypeReference@9408857
2025-04-17T15:56:58.454+04:00 DEBUG 4920 --- [lab2] [           main] org.hibernate.type.BasicTypeRegistry     : Adding type registration java.util.Locale -> org.hibernate.type.BasicTypeReference@9408857
2025-04-17T15:56:58.455+04:00 DEBUG 4920 --- [lab2] [           main] org.hibernate.type.BasicTypeRegistry     : Adding type registration serializable -> org.hibernate.type.BasicTypeReference@27e44e9c
2025-04-17T15:56:58.455+04:00 DEBUG 4920 --- [lab2] [           main] org.hibernate.type.BasicTypeRegistry     : Adding type registration java.io.Serializable -> org.hibernate.type.BasicTypeReference@27e44e9c
2025-04-17T15:56:58.455+04:00 DEBUG 4920 --- [lab2] [           main] org.hibernate.type.BasicTypeRegistry     : Adding type registration timezone -> org.hibernate.type.BasicTypeReference@2f09e6b2
2025-04-17T15:56:58.455+04:00 DEBUG 4920 --- [lab2] [           main] org.hibernate.type.BasicTypeRegistry     : Adding type registration java.util.TimeZone -> org.hibernate.type.BasicTypeReference@2f09e6b2
2025-04-17T15:56:58.455+04:00 DEBUG 4920 --- [lab2] [           main] org.hibernate.type.BasicTypeRegistry     : Adding type registration ZoneOffset -> org.hibernate.type.BasicTypeReference@1bee0085
2025-04-17T15:56:58.456+04:00 DEBUG 4920 --- [lab2] [           main] org.hibernate.type.BasicTypeRegistry     : Adding type registration java.time.ZoneOffset -> org.hibernate.type.BasicTypeReference@1bee0085
2025-04-17T15:56:58.456+04:00 DEBUG 4920 --- [lab2] [           main] org.hibernate.type.BasicTypeRegistry     : Adding type registration url -> org.hibernate.type.BasicTypeReference@16e1219f
2025-04-17T15:56:58.456+04:00 DEBUG 4920 --- [lab2] [           main] org.hibernate.type.BasicTypeRegistry     : Adding type registration java.net.URL -> org.hibernate.type.BasicTypeReference@16e1219f
2025-04-17T15:56:58.456+04:00 DEBUG 4920 --- [lab2] [           main] org.hibernate.type.BasicTypeRegistry     : Adding type registration vector -> org.hibernate.type.BasicTypeReference@13f40d71
2025-04-17T15:56:58.457+04:00 DEBUG 4920 --- [lab2] [           main] org.hibernate.type.BasicTypeRegistry     : Adding type registration float_vector -> org.hibernate.type.BasicTypeReference@73a845cb
2025-04-17T15:56:58.457+04:00 DEBUG 4920 --- [lab2] [           main] org.hibernate.type.BasicTypeRegistry     : Adding type registration double_vector -> org.hibernate.type.BasicTypeReference@18a98913
2025-04-17T15:56:58.457+04:00 DEBUG 4920 --- [lab2] [           main] org.hibernate.type.BasicTypeRegistry     : Adding type registration byte_vector -> org.hibernate.type.BasicTypeReference@7dbae40
2025-04-17T15:56:58.457+04:00 DEBUG 4920 --- [lab2] [           main] org.hibernate.type.BasicTypeRegistry     : Adding type registration row_version -> org.hibernate.type.BasicTypeReference@34f7b44f
2025-04-17T15:56:58.467+04:00 DEBUG 4920 --- [lab2] [           main] org.hibernate.type.BasicTypeRegistry     : Adding type registration object -> org.hibernate.type.JavaObjectType@9785903
2025-04-17T15:56:58.467+04:00 DEBUG 4920 --- [lab2] [           main] org.hibernate.type.BasicTypeRegistry     : Adding type registration java.lang.Object -> org.hibernate.type.JavaObjectType@9785903
2025-04-17T15:56:58.469+04:00 DEBUG 4920 --- [lab2] [           main] org.hibernate.type.BasicTypeRegistry     : Adding type registration null -> org.hibernate.type.NullType@7f0d8eff
2025-04-17T15:56:58.470+04:00 DEBUG 4920 --- [lab2] [           main] org.hibernate.type.BasicTypeRegistry     : Adding type registration imm_date -> org.hibernate.type.BasicTypeReference@149aa7b2
2025-04-17T15:56:58.470+04:00 DEBUG 4920 --- [lab2] [           main] org.hibernate.type.BasicTypeRegistry     : Adding type registration imm_time -> org.hibernate.type.BasicTypeReference@3ca3648
2025-04-17T15:56:58.470+04:00 DEBUG 4920 --- [lab2] [           main] org.hibernate.type.BasicTypeRegistry     : Adding type registration imm_timestamp -> org.hibernate.type.BasicTypeReference@2a99ca99
2025-04-17T15:56:58.471+04:00 DEBUG 4920 --- [lab2] [           main] org.hibernate.type.BasicTypeRegistry     : Adding type registration imm_calendar -> org.hibernate.type.BasicTypeReference@39f0c343
2025-04-17T15:56:58.471+04:00 DEBUG 4920 --- [lab2] [           main] org.hibernate.type.BasicTypeRegistry     : Adding type registration imm_calendar_date -> org.hibernate.type.BasicTypeReference@781654f8
2025-04-17T15:56:58.471+04:00 DEBUG 4920 --- [lab2] [           main] org.hibernate.type.BasicTypeRegistry     : Adding type registration imm_calendar_time -> org.hibernate.type.BasicTypeReference@2abc55c4
2025-04-17T15:56:58.471+04:00 DEBUG 4920 --- [lab2] [           main] org.hibernate.type.BasicTypeRegistry     : Adding type registration imm_binary -> org.hibernate.type.BasicTypeReference@4e958f08
2025-04-17T15:56:58.471+04:00 DEBUG 4920 --- [lab2] [           main] org.hibernate.type.BasicTypeRegistry     : Adding type registration imm_serializable -> org.hibernate.type.BasicTypeReference@71c0b742
2025-04-17T15:56:58.992+04:00  INFO 4920 --- [lab2] [           main] o.s.o.j.p.SpringPersistenceUnitInfo      : No LoadTimeWeaver setup: ignoring JPA class transformer
2025-04-17T15:56:59.160+04:00  INFO 4920 --- [lab2] [           main] org.hibernate.orm.connections.pooling    : HHH10001005: Database info:
	Database JDBC URL [Connecting through datasource 'HikariDataSource (HikariPool-1)']
	Database driver: undefined/unknown
	Database version: 17.2
	Autocommit mode: undefined/unknown
	Isolation level: undefined/unknown
	Minimum pool size: undefined/unknown
	Maximum pool size: undefined/unknown
2025-04-17T15:56:59.176+04:00 DEBUG 4920 --- [lab2] [           main] o.h.t.d.sql.spi.DdlTypeRegistry          : addDescriptor(2003, org.hibernate.type.descriptor.sql.internal.ArrayDdlTypeImpl@23bd047f) replaced previous registration(org.hibernate.type.descriptor.sql.internal.ArrayDdlTypeImpl@3562e7c7)
2025-04-17T15:56:59.176+04:00 DEBUG 4920 --- [lab2] [           main] o.h.t.d.sql.spi.DdlTypeRegistry          : addDescriptor(6, org.hibernate.type.descriptor.sql.internal.CapacityDependentDdlType@66d2885c) replaced previous registration(org.hibernate.type.descriptor.sql.internal.DdlTypeImpl@2bfc8558)
2025-04-17T15:56:59.181+04:00 DEBUG 4920 --- [lab2] [           main] o.h.t.d.jdbc.spi.JdbcTypeRegistry        : addDescriptor(2004, BlobTypeDescriptor(BLOB_BINDING)) replaced previous registration(BlobTypeDescriptor(DEFAULT))
2025-04-17T15:56:59.181+04:00 DEBUG 4920 --- [lab2] [           main] o.h.t.d.jdbc.spi.JdbcTypeRegistry        : addDescriptor(2005, ClobTypeDescriptor(CLOB_BINDING)) replaced previous registration(ClobTypeDescriptor(DEFAULT))
2025-04-17T15:56:59.198+04:00 DEBUG 4920 --- [lab2] [           main] org.hibernate.type.BasicTypeRegistry     : Adding type registration JAVA_OBJECT -> org.hibernate.type.JavaObjectType@4dd1d2bb
2025-04-17T15:56:59.199+04:00 DEBUG 4920 --- [lab2] [           main] org.hibernate.type.BasicTypeRegistry     : Adding type registration java.lang.Object -> org.hibernate.type.JavaObjectType@4dd1d2bb
2025-04-17T15:56:59.199+04:00 DEBUG 4920 --- [lab2] [           main] org.hibernate.type.BasicTypeRegistry     : Type registration key [java.lang.Object] overrode previous entry : `org.hibernate.type.JavaObjectType@9785903`
2025-04-17T15:56:59.209+04:00 DEBUG 4920 --- [lab2] [           main] org.hibernate.type.BasicTypeRegistry     : Adding type registration org.hibernate.type.DurationType -> basicType@1(java.time.Duration,3015)
2025-04-17T15:56:59.209+04:00 DEBUG 4920 --- [lab2] [           main] org.hibernate.type.BasicTypeRegistry     : Adding type registration Duration -> basicType@1(java.time.Duration,3015)
2025-04-17T15:56:59.209+04:00 DEBUG 4920 --- [lab2] [           main] org.hibernate.type.BasicTypeRegistry     : Adding type registration java.time.Duration -> basicType@1(java.time.Duration,3015)
2025-04-17T15:56:59.216+04:00 DEBUG 4920 --- [lab2] [           main] org.hibernate.type.BasicTypeRegistry     : Adding type registration org.hibernate.type.OffsetDateTimeType -> basicType@2(java.time.OffsetDateTime,3003)
2025-04-17T15:56:59.216+04:00 DEBUG 4920 --- [lab2] [           main] org.hibernate.type.BasicTypeRegistry     : Adding type registration OffsetDateTime -> basicType@2(java.time.OffsetDateTime,3003)
2025-04-17T15:56:59.217+04:00 DEBUG 4920 --- [lab2] [           main] org.hibernate.type.BasicTypeRegistry     : Adding type registration java.time.OffsetDateTime -> basicType@2(java.time.OffsetDateTime,3003)
2025-04-17T15:56:59.217+04:00 DEBUG 4920 --- [lab2] [           main] org.hibernate.type.BasicTypeRegistry     : Adding type registration org.hibernate.type.ZonedDateTimeType -> basicType@3(java.time.ZonedDateTime,3003)
2025-04-17T15:56:59.217+04:00 DEBUG 4920 --- [lab2] [           main] org.hibernate.type.BasicTypeRegistry     : Adding type registration ZonedDateTime -> basicType@3(java.time.ZonedDateTime,3003)
2025-04-17T15:56:59.217+04:00 DEBUG 4920 --- [lab2] [           main] org.hibernate.type.BasicTypeRegistry     : Adding type registration java.time.ZonedDateTime -> basicType@3(java.time.ZonedDateTime,3003)
2025-04-17T15:56:59.219+04:00 DEBUG 4920 --- [lab2] [           main] org.hibernate.type.BasicTypeRegistry     : Adding type registration org.hibernate.type.OffsetTimeType -> basicType@4(java.time.OffsetTime,3007)
2025-04-17T15:56:59.219+04:00 DEBUG 4920 --- [lab2] [           main] org.hibernate.type.BasicTypeRegistry     : Adding type registration OffsetTime -> basicType@4(java.time.OffsetTime,3007)
2025-04-17T15:56:59.219+04:00 DEBUG 4920 --- [lab2] [           main] org.hibernate.type.BasicTypeRegistry     : Adding type registration java.time.OffsetTime -> basicType@4(java.time.OffsetTime,3007)
2025-04-17T15:56:59.222+04:00 DEBUG 4920 --- [lab2] [           main] o.h.type.spi.TypeConfiguration$Scope     : Scoping TypeConfiguration [org.hibernate.type.spi.TypeConfiguration@43755e2f] to MetadataBuildingContext [org.hibernate.boot.internal.MetadataBuildingContextRootImpl@3d71e10b]
2025-04-17T15:57:00.524+04:00  INFO 4920 --- [lab2] [           main] o.h.e.t.j.p.i.JtaPlatformInitiator       : HHH000489: No JTA platform available (set 'hibernate.transaction.jta.platform' to enable JTA platform integration)
2025-04-17T15:57:00.524+04:00 DEBUG 4920 --- [lab2] [           main] o.h.type.spi.TypeConfiguration$Scope     : Scoping TypeConfiguration [org.hibernate.type.spi.TypeConfiguration@43755e2f] to SessionFactoryImplementor [org.hibernate.internal.SessionFactoryImpl@7fd32c56]
2025-04-17T15:57:00.528+04:00 TRACE 4920 --- [lab2] [           main] o.h.type.spi.TypeConfiguration$Scope     : Handling #sessionFactoryCreated from [org.hibernate.internal.SessionFactoryImpl@7fd32c56] for TypeConfiguration
2025-04-17T15:57:00.528+04:00  INFO 4920 --- [lab2] [           main] j.LocalContainerEntityManagerFactoryBean : Initialized JPA EntityManagerFactory for persistence unit 'default'
2025-04-17T15:57:01.021+04:00  INFO 4920 --- [lab2] [           main] o.s.d.j.r.query.QueryEnhancerFactory     : Hibernate is in classpath; If applicable, HQL parser will be used.
2025-04-17T15:57:02.644+04:00  WARN 4920 --- [lab2] [           main] JpaBaseConfiguration$JpaWebConfiguration : spring.jpa.open-in-view is enabled by default. Therefore, database queries may be performed during view rendering. Explicitly configure spring.jpa.open-in-view to disable this warning
2025-04-17T15:57:02.683+04:00  INFO 4920 --- [lab2] [           main] o.s.b.a.w.s.WelcomePageHandlerMapping    : Adding welcome page: class path resource [static/index.html]
2025-04-17T15:57:03.209+04:00  INFO 4920 --- [lab2] [           main] com.ssau.lab2.Lab2ApplicationTests       : Started Lab2ApplicationTests in 7.927 seconds (process running for 9.378)
]]></system-out>
    <system-err><![CDATA[Mockito is currently self-attaching to enable the inline-mock-maker. This will no longer work in future releases of the JDK. Please add Mockito as an agent to your build what is described in Mockito's documentation: https://javadoc.io/doc/org.mockito/mockito-core/latest/org/mockito/Mockito.html#0.3
WARNING: A Java agent has been loaded dynamically (C:\Users\merku\.m2\repository\net\bytebuddy\byte-buddy-agent\1.15.11\byte-buddy-agent-1.15.11.jar)
WARNING: If a serviceability tool is in use, please run with -XX:+EnableDynamicAgentLoading to hide this warning
WARNING: If a serviceability tool is not in use, please run with -Djdk.instrument.traceUsage for more information
WARNING: Dynamic loading of agents will be disallowed by default in a future release
]]></system-err>
  </testcase>
</testsuite>